Removed Pin From Net: NetName=OUTA-2 Pin=D2-1
Removed Pin From Net: NetName=VCC Pin=D2-2
Removed Pin From Net: NetName=OUTA-3 Pin=D3-1
Removed Pin From Net: NetName=VCC Pin=D3-2
Removed Pin From Net: NetName=OUTA-4 Pin=D4-1
Removed Pin From Net: NetName=VCC Pin=D4-2
Removed Pin From Net: NetName=GND Pin=D5-1
Removed Pin From Net: NetName=OUTA-1 Pin=D5-2
Removed Pin From Net: NetName=GND Pin=D6-1
Removed Pin From Net: NetName=OUTA-2 Pin=D6-2
Removed Pin From Net: NetName=GND Pin=D7-1
Removed Pin From Net: NetName=OUTA-3 Pin=D7-2
Removed Pin From Net: NetName=GND Pin=D8-1
Removed Pin From Net: NetName=OUTA-4 Pin=D8-2
Removed Pin From Net: NetName=OUTB-1 Pin=D9-1
Removed Pin From Net: NetName=VCC Pin=D9-2
Removed Pin From Net: NetName=OUTB-2 Pin=D10-1
Removed Pin From Net: NetName=VCC Pin=D10-2
Removed Pin From Net: NetName=OUTB-3 Pin=D11-1
Removed Pin From Net: NetName=VCC Pin=D11-2
Removed Pin From Net: NetName=OUTB-4 Pin=D12-1
Removed Pin From Net: NetName=VCC Pin=D12-2
Removed Pin From Net: NetName=GND Pin=D13-1
Removed Pin From Net: NetName=OUTB-1 Pin=D13-2
Removed Pin From Net: NetName=GND Pin=D14-1
Removed Pin From Net: NetName=OUTB-2 Pin=D14-2
Removed Pin From Net: NetName=GND Pin=D15-1
Removed Pin From Net: NetName=OUTB-3 Pin=D15-2
Removed Pin From Net: NetName=GND Pin=D16-1
Removed Pin From Net: NetName=OUTB-4 Pin=D16-2
Removed Member From Class: ClassName=Driver Member=D2
Removed Member From Class: ClassName=Driver Member=D3
Removed Member From Class: ClassName=Driver Member=D4
Removed Member From Class: ClassName=Driver Member=D5
Removed Member From Class: ClassName=Driver Member=D6
Removed Member From Class: ClassName=Driver Member=D7
Removed Member From Class: ClassName=Driver Member=D8
Removed Member From Class: ClassName=Driver Member=D9
Removed Member From Class: ClassName=Driver Member=D10
Removed Member From Class: ClassName=Driver Member=D11
Removed Member From Class: ClassName=Driver Member=D12
Removed Member From Class: ClassName=Driver Member=D13
Removed Member From Class: ClassName=Driver Member=D14
Removed Member From Class: ClassName=Driver Member=D15
Removed Member From Class: ClassName=Driver Member=D16
