Removed Pin From Net: NetName=OUTA-1 Pin=IC1-2
Removed Pin From Net: NetName=OUTA-2 Pin=IC1-3
Removed Pin From Net: NetName=VCC Pin=IC1-4
Removed Pin From Net: NetName=INA-1 Pin=IC1-5
Removed Pin From Net: NetName=5V Pin=IC1-6
Removed Pin From Net: NetName=INA-2 Pin=IC1-7
Removed Pin From Net: NetName=GND Pin=IC1-8
Removed Pin From Net: NetName=5V Pin=IC1-9
Removed Pin From Net: NetName=INA-3 Pin=IC1-10
Removed Pin From Net: NetName=5V Pin=IC1-11
Removed Pin From Net: NetName=INA-4 Pin=IC1-12
Removed Pin From Net: NetName=OUTA-3 Pin=IC1-13
Removed Pin From Net: NetName=OUTA-4 Pin=IC1-14
Removed Pin From Net: NetName=GND Pin=IC1-15
Removed Pin From Net: NetName=OUTB-1 Pin=IC2-2
Removed Pin From Net: NetName=OUTB-2 Pin=IC2-3
Removed Pin From Net: NetName=VCC Pin=IC2-4
Removed Pin From Net: NetName=INB-1 Pin=IC2-5
Removed Pin From Net: NetName=5V Pin=IC2-6
Removed Pin From Net: NetName=INB-2 Pin=IC2-7
Removed Pin From Net: NetName=GND Pin=IC2-8
Removed Pin From Net: NetName=5V Pin=IC2-9
Removed Pin From Net: NetName=INB-3 Pin=IC2-10
Removed Pin From Net: NetName=5V Pin=IC2-11
Removed Pin From Net: NetName=INB-4 Pin=IC2-12
Removed Pin From Net: NetName=OUTB-3 Pin=IC2-13
Removed Pin From Net: NetName=OUTB-4 Pin=IC2-14
Removed Pin From Net: NetName=GND Pin=IC2-15
Change Component Comment : Designator=IC1 Old Comment=L298 New Comment=L298P
Change Component Comment : Designator=IC2 Old Comment=L298 New Comment=L298P
Change component parameters: Designator = "IC1"; Footprint = "L298P"; UniqueID = "\QHRFDORC"
Change component parameters. Clean all parameters for all variants
Change component parameters: Designator = "IC2"; Footprint = "L298P"; UniqueID = "\FHTICEGG"
Change component parameters. Clean all parameters for all variants
Added Pin To Net: NetName=GND Pin=IC1-2
Added Pin To Net: NetName=OUTA-1 Pin=IC1-4
Added Pin To Net: NetName=OUTA-2 Pin=IC1-5
Added Pin To Net: NetName=VCC Pin=IC1-6
Added Pin To Net: NetName=INA-1 Pin=IC1-7
Added Pin To Net: NetName=5V Pin=IC1-8
Added Pin To Net: NetName=INA-2 Pin=IC1-9
Added Pin To Net: NetName=GND Pin=IC1-10
Added Pin To Net: NetName=GND Pin=IC1-11
Added Pin To Net: NetName=5V Pin=IC1-12
Added Pin To Net: NetName=INA-3 Pin=IC1-13
Added Pin To Net: NetName=5V Pin=IC1-14
Added Pin To Net: NetName=INA-4 Pin=IC1-15
Added Pin To Net: NetName=OUTA-3 Pin=IC1-16
Added Pin To Net: NetName=OUTA-4 Pin=IC1-17
Added Pin To Net: NetName=GND Pin=IC1-19
Added Pin To Net: NetName=GND Pin=IC1-20
Added Pin To Net: NetName=GND Pin=IC2-2
Added Pin To Net: NetName=OUTB-1 Pin=IC2-4
Added Pin To Net: NetName=OUTB-2 Pin=IC2-5
Added Pin To Net: NetName=VCC Pin=IC2-6
Added Pin To Net: NetName=INB-1 Pin=IC2-7
Added Pin To Net: NetName=5V Pin=IC2-8
Added Pin To Net: NetName=INB-2 Pin=IC2-9
Added Pin To Net: NetName=GND Pin=IC2-10
Added Pin To Net: NetName=GND Pin=IC2-11
Added Pin To Net: NetName=5V Pin=IC2-12
Added Pin To Net: NetName=INB-3 Pin=IC2-13
Added Pin To Net: NetName=5V Pin=IC2-14
Added Pin To Net: NetName=INB-4 Pin=IC2-15
Added Pin To Net: NetName=OUTB-3 Pin=IC2-16
Added Pin To Net: NetName=OUTB-4 Pin=IC2-17
Added Pin To Net: NetName=GND Pin=IC2-19
Added Pin To Net: NetName=GND Pin=IC2-20
