Removed Pin From Net: NetName=INA-4 Pin=P4-1
Removed Pin From Net: NetName=INA-3 Pin=P4-2
Removed Pin From Net: NetName=INA-2 Pin=P4-3
Removed Pin From Net: NetName=INA-1 Pin=P4-4
Removed Pin From Net: NetName=INB-4 Pin=P5-1
Removed Pin From Net: NetName=INB-3 Pin=P5-2
Removed Pin From Net: NetName=INB-2 Pin=P5-3
Removed Pin From Net: NetName=INB-1 Pin=P5-4
Change Component Footprint: Designator=P4 Old Footprint=JP4 New Footprint=JP5
Change Component Footprint: Designator=P5 Old Footprint=JP4 New Footprint=JP5
Change Component Comment : Designator=P4 Old Comment=Header 4 New Comment=Header 5
Change Component Comment : Designator=P5 Old Comment=Header 4 New Comment=Header 5
Added Pin To Net: NetName=GND Pin=P4-1
Added Pin To Net: NetName=INA-4 Pin=P4-2
Added Pin To Net: NetName=INA-3 Pin=P4-3
Added Pin To Net: NetName=INA-2 Pin=P4-4
Added Pin To Net: NetName=INA-1 Pin=P4-5
Added Pin To Net: NetName=GND Pin=P5-1
Added Pin To Net: NetName=INB-4 Pin=P5-2
Added Pin To Net: NetName=INB-3 Pin=P5-3
Added Pin To Net: NetName=INB-2 Pin=P5-4
Added Pin To Net: NetName=INB-1 Pin=P5-5
